{"level":"INFO","time":"2025-02-22T13:22:36.257+0800","caller":"initialize/corn.go:18","msg":"start","keysAndValues":null}
{"level":"INFO","time":"2025-02-22T13:22:36.258+0800","caller":"initialize/corn.go:18","msg":"schedule","keysAndValues":["now","2025-02-22T13:22:36.2589686+08:00","entry",1,"next","2025-02-22T14:00:00+08:00"]}
{"level":"INFO","time":"2025-02-22T13:22:36.258+0800","caller":"initialize/corn.go:18","msg":"schedule","keysAndValues":["now","2025-02-22T13:22:36.2589686+08:00","entry",2,"next","2025-02-22T14:00:00+08:00"]}
{"level":"INFO","time":"2025-02-22T13:22:36.258+0800","caller":"initialize/corn.go:18","msg":"schedule","keysAndValues":["now","2025-02-22T13:22:36.2589686+08:00","entry",3,"next","2025-02-23T00:00:00+08:00"]}
{"level":"INFO","time":"2025-02-22T13:22:36.259+0800","caller":"core/server.go:25","msg":"server run success on ","address":"0.0.0.0:8080"}
{"level":"ERROR","time":"2025-02-22T13:22:36.260+0800","caller":"core/server.go:26","msg":"listen tcp 0.0.0.0:8080: bind: Only one usage of each socket address (protocol/network address/port) is normally permitted."}
{"level":"INFO","time":"2025-02-22T13:22:49.020+0800","caller":"initialize/corn.go:18","msg":"start","keysAndValues":null}
{"level":"INFO","time":"2025-02-22T13:22:49.020+0800","caller":"initialize/corn.go:18","msg":"schedule","keysAndValues":["now","2025-02-22T13:22:49.0207339+08:00","entry",1,"next","2025-02-22T14:00:00+08:00"]}
{"level":"INFO","time":"2025-02-22T13:22:49.020+0800","caller":"initialize/corn.go:18","msg":"schedule","keysAndValues":["now","2025-02-22T13:22:49.0207339+08:00","entry",2,"next","2025-02-22T14:00:00+08:00"]}
{"level":"INFO","time":"2025-02-22T13:22:49.020+0800","caller":"initialize/corn.go:18","msg":"schedule","keysAndValues":["now","2025-02-22T13:22:49.0207339+08:00","entry",3,"next","2025-02-23T00:00:00+08:00"]}
{"level":"INFO","time":"2025-02-22T13:22:49.022+0800","caller":"core/server.go:25","msg":"server run success on ","address":"0.0.0.0:8080"}
{"level":"ERROR","time":"2025-02-22T13:22:49.022+0800","caller":"core/server.go:26","msg":"listen tcp 0.0.0.0:8080: bind: Only one usage of each socket address (protocol/network address/port) is normally permitted."}
{"level":"INFO","time":"2025-02-22T13:22:57.847+0800","caller":"initialize/corn.go:18","msg":"start","keysAndValues":null}
{"level":"INFO","time":"2025-02-22T13:22:57.847+0800","caller":"initialize/corn.go:18","msg":"schedule","keysAndValues":["now","2025-02-22T13:22:57.8475927+08:00","entry",1,"next","2025-02-22T14:00:00+08:00"]}
{"level":"INFO","time":"2025-02-22T13:22:57.847+0800","caller":"initialize/corn.go:18","msg":"schedule","keysAndValues":["now","2025-02-22T13:22:57.8475927+08:00","entry",2,"next","2025-02-22T14:00:00+08:00"]}
{"level":"INFO","time":"2025-02-22T13:22:57.847+0800","caller":"initialize/corn.go:18","msg":"schedule","keysAndValues":["now","2025-02-22T13:22:57.8475927+08:00","entry",3,"next","2025-02-23T00:00:00+08:00"]}
{"level":"INFO","time":"2025-02-22T13:22:57.848+0800","caller":"core/server.go:25","msg":"server run success on ","address":"0.0.0.0:8080"}
{"level":"INFO","time":"2025-02-22T13:23:02.747+0800","caller":"middleware/logger.go:36","msg":"/api/user/register","status":200,"method":"POST","path":"/api/user/register","query":"","ip":"::1","user-agent":"Apifox/1.0.0 (https://apifox.com)","errors":"","cost":0.0005077}
{"level":"ERROR","time":"2025-02-22T13:23:02.978+0800","caller":"middleware/login_record.go:54","msg":"Failed to record login","error":"Error 1452 (23000): Cannot add or update a child row: a foreign key constraint fails (`blog_db`.`logins`, CONSTRAINT `fk_logins_user` FOREIGN KEY (`user_id`) REFERENCES `users` (`id`))"}
{"level":"INFO","time":"2025-02-22T13:23:10.367+0800","caller":"middleware/logger.go:36","msg":"/api/base/captcha","status":200,"method":"POST","path":"/api/base/captcha","query":"","ip":"::1","user-agent":"Apifox/1.0.0 (https://apifox.com)","errors":"","cost":0.0017812}
{"level":"INFO","time":"2025-02-22T13:24:00.264+0800","caller":"middleware/logger.go:36","msg":"/api/base/sendEmailVerificationCode","status":200,"method":"POST","path":"/api/base/sendEmailVerificationCode","query":"","ip":"::1","user-agent":"Apifox/1.0.0 (https://apifox.com)","errors":"","cost":0.8551158}
{"level":"INFO","time":"2025-02-22T13:24:11.993+0800","caller":"middleware/logger.go:36","msg":"/api/user/register","status":200,"method":"POST","path":"/api/user/register","query":"","ip":"::1","user-agent":"Apifox/1.0.0 (https://apifox.com)","errors":"","cost":0.0608801}
{"level":"INFO","time":"2025-02-22T13:34:14.332+0800","caller":"initialize/corn.go:18","msg":"start","keysAndValues":null}
{"level":"INFO","time":"2025-02-22T13:34:14.340+0800","caller":"core/server.go:25","msg":"server run success on ","address":"0.0.0.0:8080"}
{"level":"INFO","time":"2025-02-22T13:34:20.858+0800","caller":"middleware/logger.go:36","msg":"/api/user/register","status":200,"method":"POST","path":"/api/user/register","query":"","ip":"::1","user-agent":"Apifox/1.0.0 (https://apifox.com)","errors":"","cost":0.0007679}
{"level":"ERROR","time":"2025-02-22T13:34:21.069+0800","caller":"middleware/login_record.go:54","msg":"Failed to record login","error":"Error 1452 (23000): Cannot add or update a child row: a foreign key constraint fails (`blog_db`.`logins`, CONSTRAINT `fk_logins_user` FOREIGN KEY (`user_id`) REFERENCES `users` (`id`))"}
{"level":"INFO","time":"2025-02-22T13:34:31.843+0800","caller":"middleware/logger.go:36","msg":"/api/base/captcha","status":200,"method":"POST","path":"/api/base/captcha","query":"","ip":"::1","user-agent":"Apifox/1.0.0 (https://apifox.com)","errors":"","cost":0.0012217}
{"level":"INFO","time":"2025-02-22T13:35:03.404+0800","caller":"middleware/logger.go:36","msg":"/api/base/sendEmailVerificationCode","status":200,"method":"POST","path":"/api/base/sendEmailVerificationCode","query":"","ip":"::1","user-agent":"Apifox/1.0.0 (https://apifox.com)","errors":"","cost":0.8955101}
{"level":"ERROR","time":"2025-02-22T13:35:18.535+0800","caller":"api/user.go:56","msg":"Failed to register user:","error":"this email address is already registered, please check the information you filled in, or retrieve your password"}
{"level":"INFO","time":"2025-02-22T13:35:18.536+0800","caller":"middleware/logger.go:36","msg":"/api/user/register","status":200,"method":"POST","path":"/api/user/register","query":"","ip":"::1","user-agent":"Apifox/1.0.0 (https://apifox.com)","errors":"","cost":0.0042717}
{"level":"ERROR","time":"2025-02-22T13:35:18.732+0800","caller":"middleware/login_record.go:54","msg":"Failed to record login","error":"Error 1452 (23000): Cannot add or update a child row: a foreign key constraint fails (`blog_db`.`logins`, CONSTRAINT `fk_logins_user` FOREIGN KEY (`user_id`) REFERENCES `users` (`id`))"}
{"level":"INFO","time":"2025-02-22T13:36:55.575+0800","caller":"flag/enter.go:62","msg":"Successfully created table structure"}
{"level":"INFO","time":"2025-02-22T13:37:16.149+0800","caller":"flag/enter.go:103","msg":"Successfully created an administrator"}
{"level":"INFO","time":"2025-02-22T13:37:34.295+0800","caller":"initialize/corn.go:18","msg":"start","keysAndValues":null}
{"level":"INFO","time":"2025-02-22T13:37:34.304+0800","caller":"core/server.go:25","msg":"server run success on ","address":"0.0.0.0:8080"}
{"level":"INFO","time":"2025-02-22T13:37:36.166+0800","caller":"middleware/logger.go:36","msg":"/api/base/captcha","status":200,"method":"POST","path":"/api/base/captcha","query":"","ip":"::1","user-agent":"Apifox/1.0.0 (https://apifox.com)","errors":"","cost":0.0010794}
{"level":"INFO","time":"2025-02-22T13:38:00.898+0800","caller":"middleware/logger.go:36","msg":"/api/base/sendEmailVerificationCode","status":200,"method":"POST","path":"/api/base/sendEmailVerificationCode","query":"","ip":"::1","user-agent":"Apifox/1.0.0 (https://apifox.com)","errors":"","cost":0}
{"level":"INFO","time":"2025-02-22T13:38:08.809+0800","caller":"middleware/logger.go:36","msg":"/api/base/sendEmailVerificationCode","status":200,"method":"POST","path":"/api/base/sendEmailVerificationCode","query":"","ip":"::1","user-agent":"Apifox/1.0.0 (https://apifox.com)","errors":"","cost":0}
{"level":"INFO","time":"2025-02-22T13:38:18.047+0800","caller":"middleware/logger.go:36","msg":"/api/base/captcha","status":200,"method":"POST","path":"/api/base/captcha","query":"","ip":"::1","user-agent":"Apifox/1.0.0 (https://apifox.com)","errors":"","cost":0.0015634}
{"level":"INFO","time":"2025-02-22T13:38:44.735+0800","caller":"middleware/logger.go:36","msg":"/api/base/sendEmailVerificationCode","status":200,"method":"POST","path":"/api/base/sendEmailVerificationCode","query":"","ip":"::1","user-agent":"Apifox/1.0.0 (https://apifox.com)","errors":"","cost":0.87334}
{"level":"INFO","time":"2025-02-22T13:38:58.422+0800","caller":"middleware/logger.go:36","msg":"/api/user/register","status":200,"method":"POST","path":"/api/user/register","query":"","ip":"::1","user-agent":"Apifox/1.0.0 (https://apifox.com)","errors":"","cost":0.0606895}
{"level":"INFO","time":"2025-02-22T13:41:23.784+0800","caller":"flag/enter.go:62","msg":"Successfully created table structure"}
{"level":"INFO","time":"2025-02-22T13:41:48.460+0800","caller":"flag/enter.go:103","msg":"Successfully created an administrator"}
{"level":"INFO","time":"2025-02-22T13:42:25.228+0800","caller":"initialize/corn.go:18","msg":"start","keysAndValues":null}
{"level":"INFO","time":"2025-02-22T13:42:25.236+0800","caller":"core/server.go:25","msg":"server run success on ","address":"0.0.0.0:8080"}
{"level":"INFO","time":"2025-02-22T13:42:48.988+0800","caller":"middleware/logger.go:36","msg":"/api/base/captcha","status":200,"method":"POST","path":"/api/base/captcha","query":"","ip":"::1","user-agent":"Apifox/1.0.0 (https://apifox.com)","errors":"","cost":0.0016121}
{"level":"INFO","time":"2025-02-22T13:44:00.930+0800","caller":"middleware/logger.go:36","msg":"/api/base/sendEmailVerificationCode","status":200,"method":"POST","path":"/api/base/sendEmailVerificationCode","query":"","ip":"::1","user-agent":"Apifox/1.0.0 (https://apifox.com)","errors":"","cost":0.9014957}
{"level":"INFO","time":"2025-02-22T13:44:39.378+0800","caller":"middleware/logger.go:36","msg":"/api/user/register","status":200,"method":"POST","path":"/api/user/register","query":"","ip":"::1","user-agent":"Apifox/1.0.0 (https://apifox.com)","errors":"","cost":0.0587584}
{"level":"INFO","time":"2025-02-22T14:02:27.512+0800","caller":"initialize/corn.go:18","msg":"start","keysAndValues":null}
{"level":"INFO","time":"2025-02-22T14:02:27.520+0800","caller":"core/server.go:25","msg":"server run success on ","address":"0.0.0.0:8080"}
{"level":"INFO","time":"2025-02-22T14:03:52.547+0800","caller":"flag/enter.go:62","msg":"Successfully created table structure"}
{"level":"INFO","time":"2025-02-22T14:04:12.333+0800","caller":"flag/enter.go:103","msg":"Successfully created an administrator"}
{"level":"INFO","time":"2025-02-22T14:04:25.220+0800","caller":"initialize/corn.go:18","msg":"start","keysAndValues":null}
{"level":"INFO","time":"2025-02-22T14:04:25.226+0800","caller":"core/server.go:25","msg":"server run success on ","address":"0.0.0.0:8080"}
{"level":"INFO","time":"2025-02-22T14:04:51.715+0800","caller":"middleware/logger.go:36","msg":"/api/base/captcha","status":200,"method":"POST","path":"/api/base/captcha","query":"","ip":"::1","user-agent":"Apifox/1.0.0 (https://apifox.com)","errors":"","cost":0.0010612}
{"level":"INFO","time":"2025-02-22T14:05:39.500+0800","caller":"middleware/logger.go:36","msg":"/api/base/sendEmailVerificationCode","status":200,"method":"POST","path":"/api/base/sendEmailVerificationCode","query":"","ip":"::1","user-agent":"Apifox/1.0.0 (https://apifox.com)","errors":"","cost":0.9519744}
{"level":"INFO","time":"2025-02-22T14:06:13.376+0800","caller":"middleware/logger.go:36","msg":"/api/user/register","status":200,"method":"POST","path":"/api/user/register","query":"","ip":"::1","user-agent":"Apifox/1.0.0 (https://apifox.com)","errors":"","cost":0.0619661}
{"level":"INFO","time":"2025-02-22T16:41:18.057+0800","caller":"initialize/corn.go:18","msg":"start","keysAndValues":null}
{"level":"INFO","time":"2025-02-22T16:41:18.065+0800","caller":"core/server.go:25","msg":"server run success on ","address":"0.0.0.0:8080"}
{"level":"INFO","time":"2025-02-22T16:46:49.768+0800","caller":"middleware/logger.go:36","msg":"/api/base/captcha","status":200,"method":"POST","path":"/api/base/captcha","query":"","ip":"::1","user-agent":"Apifox/1.0.0 (https://apifox.com)","errors":"","cost":0.0035068}
{"level":"INFO","time":"2025-02-22T16:47:50.280+0800","caller":"middleware/logger.go:36","msg":"/api/user/login","status":200,"method":"POST","path":"/api/user/login","query":"","ip":"::1","user-agent":"Apifox/1.0.0 (https://apifox.com)","errors":"","cost":0.0777117}
{"level":"INFO","time":"2025-02-22T16:48:05.354+0800","caller":"middleware/logger.go:36","msg":"/api/user/info","status":200,"method":"GET","path":"/api/user/info","query":"","ip":"::1","user-agent":"Apifox/1.0.0 (https://apifox.com)","errors":"","cost":0.0024387}
{"level":"INFO","time":"2025-02-22T16:51:29.930+0800","caller":"middleware/logger.go:36","msg":"/api/user/changeInfo","status":200,"method":"PUT","path":"/api/user/changeInfo","query":"","ip":"::1","user-agent":"Apifox/1.0.0 (https://apifox.com)","errors":"","cost":0.0243521}
{"level":"INFO","time":"2025-02-22T16:53:37.459+0800","caller":"middleware/logger.go:36","msg":"/api/user/chart","status":200,"method":"GET","path":"/api/user/chart","query":"date=7","ip":"::1","user-agent":"Apifox/1.0.0 (https://apifox.com)","errors":"","cost":0.0096413}
{"level":"INFO","time":"2025-02-22T16:56:05.758+0800","caller":"middleware/logger.go:36","msg":"/api/base/captcha","status":200,"method":"POST","path":"/api/base/captcha","query":"","ip":"::1","user-agent":"Apifox/1.0.0 (https://apifox.com)","errors":"","cost":0.0012113}
{"level":"INFO","time":"2025-02-22T16:56:49.320+0800","caller":"middleware/logger.go:36","msg":"/api/user/login","status":200,"method":"POST","path":"/api/user/login","query":"","ip":"::1","user-agent":"Apifox/1.0.0 (https://apifox.com)","errors":"","cost":0.0540147}
{"level":"INFO","time":"2025-02-22T16:58:27.831+0800","caller":"middleware/logger.go:36","msg":"/api/user/list","status":200,"method":"GET","path":"/api/user/list","query":"page=1&page_size=10","ip":"::1","user-agent":"Apifox/1.0.0 (https://apifox.com)","errors":"","cost":0.0052935}
{"level":"INFO","time":"2025-02-22T16:59:31.686+0800","caller":"middleware/logger.go:36","msg":"/api/user/loginList","status":200,"method":"GET","path":"/api/user/loginList","query":"page=1&page_size=10","ip":"::1","user-agent":"Apifox/1.0.0 (https://apifox.com)","errors":"","cost":0.0074677}
{"level":"INFO","time":"2025-02-22T19:17:29.432+0800","caller":"initialize/corn.go:18","msg":"start","keysAndValues":null}
{"level":"INFO","time":"2025-02-22T19:17:29.451+0800","caller":"core/server.go:25","msg":"server run success on ","address":"0.0.0.0:8080"}
{"level":"ERROR","time":"2025-02-22T19:20:28.665+0800","caller":"api/image.go:24","msg":"Fail to upload image","error":"don't upload files that aren't image types"}
{"level":"INFO","time":"2025-02-22T19:20:28.665+0800","caller":"middleware/logger.go:36","msg":"/api/image/upload","status":200,"method":"POST","path":"/api/image/upload","query":"","ip":"::1","user-agent":"Apifox/1.0.0 (https://apifox.com)","errors":"","cost":0.0421147}
{"level":"ERROR","time":"2025-02-22T19:21:00.664+0800","caller":"api/image.go:24","msg":"Fail to upload image","error":"don't upload files that aren't image types"}
{"level":"INFO","time":"2025-02-22T19:21:00.664+0800","caller":"middleware/logger.go:36","msg":"/api/image/upload","status":200,"method":"POST","path":"/api/image/upload","query":"","ip":"::1","user-agent":"Apifox/1.0.0 (https://apifox.com)","errors":"","cost":0.0146894}
{"level":"ERROR","time":"2025-02-22T19:21:02.635+0800","caller":"api/image.go:24","msg":"Fail to upload image","error":"don't upload files that aren't image types"}
{"level":"INFO","time":"2025-02-22T19:21:02.635+0800","caller":"middleware/logger.go:36","msg":"/api/image/upload","status":200,"method":"POST","path":"/api/image/upload","query":"","ip":"::1","user-agent":"Apifox/1.0.0 (https://apifox.com)","errors":"","cost":0.0245943}
{"level":"ERROR","time":"2025-02-22T19:21:49.513+0800","caller":"api/image.go:24","msg":"Fail to upload image","error":"don't upload files that aren't image types"}
{"level":"INFO","time":"2025-02-22T19:21:49.513+0800","caller":"middleware/logger.go:36","msg":"/api/image/upload","status":200,"method":"POST","path":"/api/image/upload","query":"","ip":"::1","user-agent":"Apifox/1.0.0 (https://apifox.com)","errors":"","cost":0.0255228}
{"level":"INFO","time":"2025-02-22T19:26:27.891+0800","caller":"initialize/corn.go:18","msg":"start","keysAndValues":null}
{"level":"INFO","time":"2025-02-22T19:26:27.898+0800","caller":"core/server.go:25","msg":"server run success on ","address":"0.0.0.0:8080"}
{"level":"ERROR","time":"2025-02-22T19:26:29.789+0800","caller":"api/image.go:25","msg":"Failed to upload image:","error":"don't upload files that aren't image types"}
{"level":"INFO","time":"2025-02-22T19:26:29.789+0800","caller":"middleware/logger.go:36","msg":"/api/image/upload","status":200,"method":"POST","path":"/api/image/upload","query":"","ip":"::1","user-agent":"Apifox/1.0.0 (https://apifox.com)","errors":"","cost":0.0181346}
{"level":"ERROR","time":"2025-02-22T19:26:32.486+0800","caller":"api/image.go:25","msg":"Failed to upload image:","error":"don't upload files that aren't image types"}
{"level":"INFO","time":"2025-02-22T19:26:32.487+0800","caller":"middleware/logger.go:36","msg":"/api/image/upload","status":200,"method":"POST","path":"/api/image/upload","query":"","ip":"::1","user-agent":"Apifox/1.0.0 (https://apifox.com)","errors":"","cost":0.0141075}
{"level":"INFO","time":"2025-02-22T19:27:45.501+0800","caller":"middleware/logger.go:36","msg":"/api/image/upload","status":200,"method":"POST","path":"/api/image/upload","query":"","ip":"::1","user-agent":"Apifox/1.0.0 (https://apifox.com)","errors":"","cost":0.0980724}
{"level":"INFO","time":"2025-02-22T19:29:10.242+0800","caller":"middleware/logger.go:36","msg":"/api/image/list","status":200,"method":"GET","path":"/api/image/list","query":"page=1&page_size=10","ip":"::1","user-agent":"Apifox/1.0.0 (https://apifox.com)","errors":"","cost":0.0087839}
{"level":"INFO","time":"2025-02-22T19:29:42.447+0800","caller":"middleware/logger.go:36","msg":"/uploads/image/cdf293b1faca6fd3676edcd93997e8b0-20250222192745.png","status":200,"method":"GET","path":"/uploads/image/cdf293b1faca6fd3676edcd93997e8b0-20250222192745.png","query":"","ip":"::1","user-agent":"Mozilla/5.0 (Windows NT 10.0; Win64; x64) AppleWebKit/537.36 (KHTML, like Gecko) Chrome/133.0.0.0 Safari/537.36 Edg/133.0.0.0","errors":"","cost":0.0773899}
{"level":"INFO","time":"2025-02-22T19:29:42.506+0800","caller":"middleware/logger.go:36","msg":"/favicon.ico","status":404,"method":"GET","path":"/favicon.ico","query":"","ip":"::1","user-agent":"Mozilla/5.0 (Windows NT 10.0; Win64; x64) AppleWebKit/537.36 (KHTML, like Gecko) Chrome/133.0.0.0 Safari/537.36 Edg/133.0.0.0","errors":"","cost":0}
